[08:18:09] [ServerMain/INFO]: Environment: Environment[sessionHost=https://sessionserver.mojang.com, servicesHost=https://api.minecraftservices.com, name=PROD]
[08:18:10] [ServerMain/INFO]: Loaded 1174 recipes
[08:18:11] [ServerMain/INFO]: Loaded 1271 advancements
[08:18:11] [Server thread/INFO]: Starting minecraft server version 1.20.4
[08:18:11] [Server thread/INFO]: Loading properties
[08:18:11] [Server thread/INFO]: This server is running Paper version git-Paper-493 (MC: 1.20.4) (Implementing API version 1.20.4-R0.1-SNAPSHOT) (Git: a6b6ecd)
[08:18:12] [Server thread/INFO]: Server Ping Player Sample Count: 12
[08:18:12] [Server thread/INFO]: Using 4 threads for Netty based IO
[08:18:12] [Server thread/WARN]: [!] The timings profiler has been enabled but has been scheduled for removal from Paper in the future.
    We recommend installing the spark profiler as a replacement: https://spark.lucko.me/
    For more information please visit: https://github.com/PaperMC/Paper/issues/8948
[08:18:12] [Server thread/INFO]: [ChunkTaskScheduler] Chunk system is using 1 I/O threads, 1 worker threads, and gen parallelism of 1 threads
[08:18:12] [Server thread/INFO]: Default game type: SURVIVAL
[08:18:12] [Server thread/INFO]: Generating keypair
[08:18:13] [Server thread/INFO]: Starting Minecraft server on *:25565
[08:18:13] [Server thread/INFO]: Using epoll channel type
[08:18:13] [Server thread/INFO]: Paper: Using libdeflate (Linux x86_64) compression from Velocity.
[08:18:13] [Server thread/INFO]: Paper: Using OpenSSL 1.1.x (Linux x86_64) cipher from Velocity.
[08:18:13] [Server thread/INFO]: [ViaVersion] Loading server plugin ViaVersion v4.10.2
[08:18:13] [Server thread/INFO]: [ViaVersion] ViaVersion 4.10.2 is now loaded. Registering protocol transformers and injecting...
[08:18:14] [Via-Mappingloader-0/INFO]: [ViaVersion] Loading block connection mappings ...
[08:18:14] [Via-Mappingloader-0/INFO]: [ViaVersion] Using FastUtil Long2ObjectOpenHashMap for block connections
[08:18:14] [Server thread/INFO]: [ViaBackwards] Loading translations...
[08:18:14] [Server thread/INFO]: [ViaBackwards] Registering protocols...
[08:18:15] [Server thread/INFO]: [playit-gg] Loading server plugin playit-gg v0.1.4
[08:18:15] [Server thread/INFO]: [ViaBackwards] Loading server plugin ViaBackwards v4.10.2
[08:18:15] [Server thread/INFO]: Server permissions file permissions.yml is empty, ignoring it
[08:18:15] [Server thread/WARN]: **** SERVER IS RUNNING IN OFFLINE/INSECURE MODE!
[08:18:15] [Server thread/WARN]: The server will make no attempt to authenticate usernames. Beware.
[08:18:15] [Server thread/WARN]: While this makes the game possible to play without internet access, it also opens up the ability for hackers to connect with any username they choose.
[08:18:15] [Server thread/WARN]: To change this, set "online-mode" to "true" in the server.properties file.
[08:18:15] [Server thread/INFO]: Preparing level "world"
[08:18:15] [Server thread/INFO]: Preparing start region for dimension minecraft:overworld
[08:18:15] [Server thread/INFO]: Time elapsed: 391 ms
[08:18:15] [Server thread/INFO]: Preparing start region for dimension minecraft:the_nether
[08:18:16] [Server thread/INFO]: Time elapsed: 59 ms
[08:18:16] [Server thread/INFO]: Preparing start region for dimension minecraft:the_end
[08:18:16] [Server thread/INFO]: Time elapsed: 92 ms
[08:18:16] [Server thread/INFO]: [ViaVersion] Enabling ViaVersion v4.10.2
[08:18:16] [Server thread/INFO]: [ViaVersion] ViaVersion detected server version: 1.20.3-1.20.4 (765)
[08:18:16] [Server thread/INFO]: [playit-gg] Enabling playit-gg v0.1.4
[08:18:17] [Server thread/INFO]: [ViaBackwards] Enabling ViaBackwards v4.10.2
[08:18:17] [Thread-7/INFO]: [gg.playit.minecraft.PlayitKeysSetup] secret key found, checking
[08:18:17] [Thread-7/INFO]: [gg.playit.minecraft.PlayitKeysSetup] check secret
[08:18:17] [Server thread/INFO]: Running delayed init tasks
[08:18:17] [Server thread/INFO]: Done (6.341s)! For help, type "help"
[08:18:17] [Server thread/INFO]: Timings Reset
[08:18:17] [Craft Scheduler Thread - 2 - ViaVersion/INFO]: [ViaVersion] Finished mapping loading, shutting down loader executor!
[08:18:18] [Thread-7/INFO]: [gg.playit.minecraft.PlayitKeysSetup] found minecraft java tunnel: fitness-showers.joinmc.link
[08:18:18] [Thread-7/INFO]: [gg.playit.minecraft.PlayitManager] keys and tunnel setup
[08:18:18] [Thread-7/INFO]: playit.gg: tunnel setup
[08:18:18] [Thread-7/INFO]: playit.gg: fitness-showers.joinmc.link
[08:18:18] [Thread-7/WARN]: [gg.playit.control.ChannelSetup] Got IO error working with :control.playit.gg/2602:fbaf:848:0:0:0:0:1, error : java.net.SocketException: Network is unreachable
[08:18:18] [Thread-7/INFO]: [gg.playit.control.ChannelSetup] request queued, waiting 1 second before resend
[08:18:19] [Thread-7/INFO]: [gg.playit.control.ChannelSetup] request queued, waiting 1 second before resend
[08:18:27] [Thread-7/INFO]: [gg.playit.minecraft.PlayitManager] got new client: NewClient{connectAddr=209.25.142.194:5448, peerAddr=113.185.47.195:31181, claimAddress=209.25.142.2:42760, claimToken=[44, 0, 60, -47, 25, -114, -62, 21, 72, 113, -71, 47, -61, 121, -51, -115, -118, -34, 100, -89, 8, 102, 77, -86, 83, 0, 0, 0, 0, 0, 8, -119, 14, 0, 0, 0, 0, 0, 49, 96, -116, 83, 100, -89, 8, 0, 0, 0, 0, 18, 0, 0, 0, 0, 0, 0, 0, 1, 0, 1, -39, -92, -8, 6, -39, 125, -97, 56, -49, -26, 25, -33, 52, 88, 105, -101], tunnelServerId=1, dataCenterId=18}
[08:18:27] [Thread-7/INFO]: [gg.playit.minecraft.PlayitManager] starting tcp tunnel for client
[08:18:27] [Thread-7/INFO]: [gg.playit.minecraft.PlayitTcpTunnel] start connection to /209.25.142.2:42760 to claim client
[08:18:27] [nioEventLoopGroup-2-1/INFO]: [gg.playit.minecraft.PlayitTcpTunnel] connected to tunnel server, sending claim token
[08:18:27] [nioEventLoopGroup-2-1/INFO]: [gg.playit.minecraft.PlayitTcpTunnel] claim token sent
[08:18:27] [Thread-7/INFO]: [gg.playit.minecraft.PlayitManager] got new client: NewClient{connectAddr=209.25.142.194:5448, peerAddr=113.185.47.195:14277, claimAddress=209.25.142.2:42760, claimToken=[44, 0, 60, -47, 25, -114, -62, 21, 72, 113, -71, 47, -61, 55, -59, -82, 56, 38, -23, -89, 8, 102, 77, -86, 83, 0, 0, 0, 0, 0, 8, -119, 14, 0, 0, 0, 0, 0, 49, 96, -116, 75, -23, -89, 8, 0, 0, 0, 0, 18, 0, 0, 0, 0, 0, 0, 0, 1, 0, 1, -106, -26, 21, -42, -66, 117, 111, 103, 17, 104, -66, 6, -124, 69, 73, -71], tunnelServerId=1, dataCenterId=18}
[08:18:27] [Thread-7/INFO]: [gg.playit.minecraft.PlayitManager] starting tcp tunnel for client
[08:18:27] [Thread-7/INFO]: [gg.playit.minecraft.PlayitTcpTunnel] start connection to /209.25.142.2:42760 to claim client
[08:18:27] [nioEventLoopGroup-2-1/INFO]: [gg.playit.minecraft.PlayitTcpTunnel] connection to tunnel server has been established
[08:18:27] [nioEventLoopGroup-2-2/INFO]: [gg.playit.minecraft.PlayitTcpTunnel] connected to tunnel server, sending claim token
[08:18:27] [nioEventLoopGroup-2-2/INFO]: [gg.playit.minecraft.PlayitTcpTunnel] claim token sent
[08:18:27] [nioEventLoopGroup-2-2/INFO]: [gg.playit.minecraft.PlayitTcpTunnel] connection to tunnel server has been established
[08:18:27] [nioEventLoopGroup-2-2/INFO]: [gg.playit.minecraft.PlayitTcpTunnel] Reflect: ReflectionHelper{ServerConnection=class net.minecraft.server.network.ServerConnection, LegacyPingHandler=class net.minecraft.server.network.LegacyPingHandler, MinecraftServer=class net.minecraft.server.MinecraftServer, PacketSplitter=class net.minecraft.network.PacketSplitter, PacketDecoder=class net.minecraft.network.PacketDecoder, EnumProtocolDirection=class net.minecraft.network.protocol.EnumProtocolDirection, PacketPrepender=class net.minecraft.network.PacketPrepender, PacketEncoder=class net.minecraft.network.PacketEncoder, NetworkManagerServer=class net.minecraft.network.NetworkManagerServer, NetworkManager=class net.minecraft.network.NetworkManager, HandshakeListener=class net.minecraft.server.network.HandshakeListener, PacketListener=interface net.minecraft.network.PacketListener, CraftServer=null}
[08:18:27] [nioEventLoopGroup-2-2/INFO]: [gg.playit.minecraft.PlayitTcpTunnel] failed to get Minecraft server from Bukkit.getServer()
[08:18:27] [nioEventLoopGroup-2-2/INFO]: [gg.playit.minecraft.PlayitTcpTunnel] connecting to minecraft server at localhost/127.0.0.1:25565
[08:18:27] [nioEventLoopGroup-2-1/INFO]: [gg.playit.minecraft.PlayitTcpTunnel] Reflect: ReflectionHelper{ServerConnection=class net.minecraft.server.network.ServerConnection, LegacyPingHandler=class net.minecraft.server.network.LegacyPingHandler, MinecraftServer=class net.minecraft.server.MinecraftServer, PacketSplitter=class net.minecraft.network.PacketSplitter, PacketDecoder=class net.minecraft.network.PacketDecoder, EnumProtocolDirection=class net.minecraft.network.protocol.EnumProtocolDirection, PacketPrepender=class net.minecraft.network.PacketPrepender, PacketEncoder=class net.minecraft.network.PacketEncoder, NetworkManagerServer=class net.minecraft.network.NetworkManagerServer, NetworkManager=class net.minecraft.network.NetworkManager, HandshakeListener=class net.minecraft.server.network.HandshakeListener, PacketListener=interface net.minecraft.network.PacketListener, CraftServer=null}
[08:18:27] [nioEventLoopGroup-2-1/INFO]: [gg.playit.minecraft.PlayitTcpTunnel] failed to get Minecraft server from Bukkit.getServer()
[08:18:27] [nioEventLoopGroup-2-1/INFO]: [gg.playit.minecraft.PlayitTcpTunnel] connecting to minecraft server at localhost/127.0.0.1:25565
[08:18:27] [nioEventLoopGroup-2-4/INFO]: [gg.playit.minecraft.PlayitTcpTunnel] connected to local minecraft server
[08:18:27] [nioEventLoopGroup-2-3/INFO]: [gg.playit.minecraft.PlayitTcpTunnel] connected to local minecraft server
[08:18:29] [Thread-7/INFO]: [gg.playit.minecraft.PlayitManager] got new client: NewClient{connectAddr=209.25.142.194:5448, peerAddr=113.185.47.195:53453, claimAddress=209.25.142.2:42760, claimToken=[44, 0, 60, -47, 25, -114, -62, 21, 72, 113, -71, 47, -61, -48, -51, 9, -51, -16, 51, -89, 8, 102, 77, -86, 85, 0, 0, 0, 0, 0, 8, -119, 14, 0, 0, 0, 0, 0, 49, 96, -116, -100, 51, -89, 8, 0, 0, 0, 0, 18, 0, 0, 0, 0, 0, 0, 0, 1, 0, 1, -52, -46, -128, 39, 33, 0, -98, 85, -119, 55, -70, -126, 4, 90, -59, -67], tunnelServerId=1, dataCenterId=18}
[08:18:29] [Thread-7/INFO]: [gg.playit.minecraft.PlayitManager] starting tcp tunnel for client
[08:18:29] [Thread-7/INFO]: [gg.playit.minecraft.PlayitTcpTunnel] start connection to /209.25.142.2:42760 to claim client
[08:18:29] [nioEventLoopGroup-2-1/INFO]: [gg.playit.minecraft.PlayitTcpTunnel] connected to tunnel server, sending claim token
[08:18:29] [nioEventLoopGroup-2-1/INFO]: [gg.playit.minecraft.PlayitTcpTunnel] claim token sent
[08:18:29] [nioEventLoopGroup-2-1/INFO]: [gg.playit.minecraft.PlayitTcpTunnel] connection to tunnel server has been established
[08:18:29] [nioEventLoopGroup-2-1/INFO]: [gg.playit.minecraft.PlayitTcpTunnel] Reflect: ReflectionHelper{ServerConnection=class net.minecraft.server.network.ServerConnection, LegacyPingHandler=class net.minecraft.server.network.LegacyPingHandler, MinecraftServer=class net.minecraft.server.MinecraftServer, PacketSplitter=class net.minecraft.network.PacketSplitter, PacketDecoder=class net.minecraft.network.PacketDecoder, EnumProtocolDirection=class net.minecraft.network.protocol.EnumProtocolDirection, PacketPrepender=class net.minecraft.network.PacketPrepender, PacketEncoder=class net.minecraft.network.PacketEncoder, NetworkManagerServer=class net.minecraft.network.NetworkManagerServer, NetworkManager=class net.minecraft.network.NetworkManager, HandshakeListener=class net.minecraft.server.network.HandshakeListener, PacketListener=interface net.minecraft.network.PacketListener, CraftServer=null}
[08:18:29] [nioEventLoopGroup-2-1/INFO]: [gg.playit.minecraft.PlayitTcpTunnel] failed to get Minecraft server from Bukkit.getServer()
[08:18:29] [nioEventLoopGroup-2-1/INFO]: [gg.playit.minecraft.PlayitTcpTunnel] connecting to minecraft server at localhost/127.0.0.1:25565
[08:18:29] [nioEventLoopGroup-2-2/INFO]: [gg.playit.minecraft.PlayitTcpTunnel] connected to local minecraft server
[08:18:29] [User Authenticator #0/INFO]: UUID of player SanRocKk is cde9cb75-f079-3bf0-bbe5-ce4c35ffbad8
[08:18:30] [Server thread/INFO]: SanRocKk joined the game
[08:18:30] [Server thread/INFO]: SanRocKk[/127.0.0.1:58198] logged in with entity id 86 at ([world]-0.030513530317694795, 63.0, 1.2037359193661936)
[08:22:21] [Thread-7/INFO]: [gg.playit.control.ChannelSetup] send keep alive
[08:26:21] [Thread-7/INFO]: [gg.playit.control.ChannelSetup] send keep alive
[08:26:34] [nioEventLoopGroup-2-1/WARN]: [gg.playit.minecraft.PlayitTcpTunnel] failed to send data to tunnel
[08:26:34] [Server thread/INFO]: SanRocKk lost connection: Disconnected
[08:26:34] [Server thread/INFO]: SanRocKk left the game
[08:30:21] [Thread-7/INFO]: [gg.playit.control.ChannelSetup] send keep alive
[08:30:33] [Thread-7/INFO]: [gg.playit.control.ChannelSetup] send keep alive
[08:34:34] [Thread-7/INFO]: [gg.playit.control.ChannelSetup] send keep alive
[08:38:34] [Thread-7/INFO]: [gg.playit.control.ChannelSetup] send keep alive
[08:42:34] [Thread-7/INFO]: [gg.playit.control.ChannelSetup] send keep alive
[08:46:35] [Thread-7/INFO]: [gg.playit.control.ChannelSetup] send keep alive
[08:50:35] [Thread-7/INFO]: [gg.playit.control.ChannelSetup] send keep alive
